0 verbose cli /Users/ezzat/.nvm/versions/node/v20.19.1/bin/node /Users/ezzat/.nvm/versions/node/v20.19.1/lib/node_modules/npm/bin/npm-cli.js
1 info using npm@11.4.2
2 info using node@v20.19.1
3 silly config load:file:/Users/ezzat/.nvm/versions/node/v20.19.1/lib/node_modules/npm/npmrc
4 silly config load:file:/Users/ezzat/Documents/apps/palm-task/thermostat-demo/.npmrc
5 silly config load:file:/Users/ezzat/Documents/apps/palm-task/thermostat-demo/.home/.npmrc
6 silly config load:file:/Users/ezzat/.nvm/versions/node/v20.19.1/etc/npmrc
7 verbose title npm exec expo start --ios --port 8082
8 verbose argv "exec" "--" "expo" "start" "--ios" "--port" "8082"
9 verbose logfile logs-max:10 dir:/Users/ezzat/Documents/apps/palm-task/thermostat-demo/.home/.npm/_logs/2026-02-04T15_30_05_823Z-
10 verbose logfile /Users/ezzat/Documents/apps/palm-task/thermostat-demo/.home/.npm/_logs/2026-02-04T15_30_05_823Z-debug-0.log
11 silly logfile done cleaning log files
12 http fetch GET 200 https://registry.npmjs.org/npm 460ms
13 verbose cwd /Users/ezzat/Documents/apps/palm-task/thermostat-demo
14 verbose os Darwin 24.6.0
15 verbose node v20.19.1
16 verbose npm  v11.4.2
17 notice
17 notice New [33mminor[39m version of npm available! [33m11.4.2[39m -> [34m11.8.0[39m
17 notice Changelog: [34mhttps://github.com/npm/cli/releases/tag/v11.8.0[39m
17 notice To update run: [4mnpm install -g npm@11.8.0[24m
17 notice  { force: true, [Symbol(proc-log.meta)]: true }
18 verbose exit 7
19 verbose code 7
